17:19:00.287 skipping bootstrap configuration: could not find or read file: classpath:karate-config.js
17:19:01.466 request:
1 > GET https://reqres.in/api/users/2
1 > Accept-Encoding: gzip,deflate
1 > Connection: Keep-Alive
1 > Host: reqres.in
1 > User-Agent: Apache-HttpClient/4.5.11 (Java/1.8.0_361)

17:19:02.112 response time in milliseconds: 642.79
1 < 200
1 < Access-Control-Allow-Origin: *
1 < Age: 1139
1 < CF-Cache-Status: HIT
1 < CF-RAY: 83b9191029d98495-BOM
1 < Cache-Control: max-age=14400
1 < Connection: keep-alive
1 < Content-Type: application/json; charset=utf-8
1 < Date: Tue, 26 Dec 2023 11:48:59 GMT
1 < Etag: W/"118-pbdwwFo9SKNhD3Lx5iHJyngpq00"
1 < Nel: {"report_to":"heroku-nel","max_age":3600,"success_fraction":0.005,"failure_fraction":0.05,"response_headers":["Via"]}
1 < Report-To: {"group":"heroku-nel","max_age":3600,"endpoints":[{"url":"https://nel.heroku.com/reports?ts=1703582951&sid=c4c9725f-1ab0-44d8-820f-430df2718e11&s=3ZiVOTg7PB%2B83OS0d5T3nEUwbb1z%2BMdw2%2B7D1NHosWo%3D"}]}
1 < Reporting-Endpoints: heroku-nel=https://nel.heroku.com/reports?ts=1703582951&sid=c4c9725f-1ab0-44d8-820f-430df2718e11&s=3ZiVOTg7PB%2B83OS0d5T3nEUwbb1z%2BMdw2%2B7D1NHosWo%3D
1 < Server: cloudflare
1 < Transfer-Encoding: chunked
1 < Vary: Accept-Encoding
1 < Via: 1.1 vegur
1 < X-Powered-By: Express
{"data":{"id":2,"email":"janet.weaver@reqres.in","first_name":"Janet","last_name":"Weaver","avatar":"https://reqres.in/img/faces/2-image.jpg"},"support":{"url":"https://reqres.in/#support-heading","text":"To keep ReqRes free, contributions towards server costs are appreciated!"}}

17:19:02.168 skipping bootstrap configuration: could not find or read file: classpath:karate-config.js
17:19:02.201 request:
1 > POST https://reqres.in/api/users
1 > Accept: application/json
1 > Accept-Encoding: gzip,deflate
1 > Connection: Keep-Alive
1 > Content-Length: 36
1 > Content-Type: text/plain; charset=UTF-8
1 > Host: reqres.in
1 > User-Agent: Apache-HttpClient/4.5.11 (Java/1.8.0_361)
{"name": "morpheus","job": "leader"}

17:19:02.727 response time in milliseconds: 526.95
1 < 201
1 < Access-Control-Allow-Origin: *
1 < CF-Cache-Status: DYNAMIC
1 < CF-RAY: 83b91911cab81bc7-BOM
1 < Connection: keep-alive
1 < Content-Length: 51
1 < Content-Type: application/json; charset=utf-8
1 < Date: Tue, 26 Dec 2023 11:49:00 GMT
1 < Etag: W/"33-+Bo5FEnIS4op41szVWtvqmM3NTE"
1 < Nel: {"report_to":"heroku-nel","max_age":3600,"success_fraction":0.005,"failure_fraction":0.05,"response_headers":["Via"]}
1 < Report-To: {"group":"heroku-nel","max_age":3600,"endpoints":[{"url":"https://nel.heroku.com/reports?ts=1703591340&sid=c4c9725f-1ab0-44d8-820f-430df2718e11&s=ZZ39mqFMBkg0OGd2rjpWZXC05wxgfhvkubaYKxFf2RY%3D"}]}
1 < Reporting-Endpoints: heroku-nel=https://nel.heroku.com/reports?ts=1703591340&sid=c4c9725f-1ab0-44d8-820f-430df2718e11&s=ZZ39mqFMBkg0OGd2rjpWZXC05wxgfhvkubaYKxFf2RY%3D
1 < Server: cloudflare
1 < Via: 1.1 vegur
1 < X-Powered-By: Express
{"id":"212","createdAt":"2023-12-26T11:49:00.115Z"}

17:19:02.727 skipping bootstrap configuration: could not find or read file: classpath:karate-config.js
17:19:02.771 [print]
17:19:02.771 request:
1 > PUT https://reqres.in/api/users/2
1 > Accept-Encoding: gzip,deflate
1 > Connection: Keep-Alive
1 > Content-Length: 36
1 > Content-Type: application/json; charset=UTF-8
1 > Host: reqres.in
1 > User-Agent: Apache-HttpClient/4.5.11 (Java/1.8.0_361)
{"name":"morpheus","job":"leaderQA"}

17:19:03.305 response time in milliseconds: 533.09
1 < 200
1 < Access-Control-Allow-Origin: *
1 < CF-Cache-Status: DYNAMIC
1 < CF-RAY: 83b919155d4d854c-BOM
1 < Connection: keep-alive
1 < Content-Type: application/json; charset=utf-8
1 < Date: Tue, 26 Dec 2023 11:49:00 GMT
1 < Etag: W/"4b-hgeU57gRKlaLyaTLryp2FetabTw"
1 < Nel: {"report_to":"heroku-nel","max_age":3600,"success_fraction":0.005,"failure_fraction":0.05,"response_headers":["Via"]}
1 < Report-To: {"group":"heroku-nel","max_age":3600,"endpoints":[{"url":"https://nel.heroku.com/reports?ts=1703591340&sid=c4c9725f-1ab0-44d8-820f-430df2718e11&s=ZZ39mqFMBkg0OGd2rjpWZXC05wxgfhvkubaYKxFf2RY%3D"}]}
1 < Reporting-Endpoints: heroku-nel=https://nel.heroku.com/reports?ts=1703591340&sid=c4c9725f-1ab0-44d8-820f-430df2718e11&s=ZZ39mqFMBkg0OGd2rjpWZXC05wxgfhvkubaYKxFf2RY%3D
1 < Server: cloudflare
1 < Transfer-Encoding: chunked
1 < Vary: Accept-Encoding
1 < Via: 1.1 vegur
1 < X-Powered-By: Express
{"name":"morpheus","job":"leaderQA","updatedAt":"2023-12-26T11:49:00.693Z"}


1 < Reporting-Endpoints: heroku-nel=https://nel.heroku.com/reports?ts=1703579789&sid=c4c9725f-1ab0-44d8-820f-430df2718e11&s=wGnKjulV3WhvaJ%2BCGHcaEbDIbIqALyosb5fdJwyhy54%3D
1 < Server: cloudflare
1 < Transfer-Encoding: chunked
1 < Vary: Accept-Encoding
1 < Via: 1.1 vegur
1 < X-Powered-By: Express
{"name":"morpheus","job":"leaderQA","updatedAt":"2023-12-26T08:36:29.088Z"}

35:25.435Z"}



